Build started 5/7/2014 10:37:38 AM.
Project "C:\Users\banhtieu\Desktop\trunk\samples\Cpp\Game\proj.win32\Game.vcxproj" on node 2 (Build target(s)).
ClCompile:
  C:\Program Files\Microsoft Visual Studio 12.0\VC\bin\CL.exe /c /IC:\Users\banhtieu\Desktop\trunk\samples\Cpp\Game\proj.win32\..\..\..\..\cocos2dx /IC:\Users\banhtieu\Desktop\trunk\samples\Cpp\Game\proj.win32\..\..\..\..\cocos2dx\include /IC:\Users\banhtieu\Desktop\trunk\samples\Cpp\Game\proj.win32\..\..\..\..\cocos2dx\kazmath\include /IC:\Users\banhtieu\Desktop\trunk\samples\Cpp\Game\proj.win32\..\..\..\..\cocos2dx\platform\win32 /IC:\Users\banhtieu\Desktop\trunk\samples\Cpp\Game\proj.win32\..\..\..\..\cocos2dx\platform\third_party\win32 /IC:\Users\banhtieu\Desktop\trunk\samples\Cpp\Game\proj.win32\..\..\..\..\cocos2dx\platform\third_party\win32\OGLES /IC:\Users\banhtieu\Desktop\trunk\samples\Cpp\Game\proj.win32\..\..\..\..\external /IC:\Users\banhtieu\Desktop\trunk\samples\Cpp\Game\proj.win32\..\..\..\..\external\chipmunk\include\chipmunk /IC:\Users\banhtieu\Desktop\trunk\samples\Cpp\Game\proj.win32\..\..\..\..\CocosDenshion\include /IC:\Users\banhtieu\Desktop\trunk\samples\Cpp\Game\proj.win32\..\..\..\..\extensions /I..\Classes /I"C:\Users\banhtieu\Desktop\trunk\samples\Cpp\Game\proj.win32\..\..\..\..\plugin\App42_Cocos2DX_SDK-master\V_1.2.1\App42_Cocos2dX_2.2.2_SDK\cJSON" /I"C:\Users\banhtieu\Desktop\trunk\samples\Cpp\Game\proj.win32\..\..\..\..\plugin\App42_Cocos2DX_SDK-master\V_1.2.1\App42_Cocos2dX_2.2.2_SDK\Util" /I"C:\Users\banhtieu\Desktop\trunk\samples\Cpp\Game\proj.win32\..\..\..\..\plugin\App42_Cocos2DX_SDK-master\V_1.2.1\App42_Cocos2dX_2.2.2_SDK\StorageService" /I"C:\Users\banhtieu\Desktop\trunk\samples\Cpp\Game\proj.win32\..\..\..\..\plugin\App42_Cocos2DX_SDK-master\V_1.2.1\App42_Cocos2dX_2.2.2_SDK\UserService" /I"C:\Users\banhtieu\Desktop\trunk\samples\Cpp\Game\proj.win32\..\..\..\..\plugin\App42_Cocos2DX_SDK-master\V_1.2.1\App42_Cocos2dX_2.2.2_SDK\PushNotificationService" /I"C:\Users\banhtieu\Desktop\trunk\samples\Cpp\Game\proj.win32\..\..\..\..\plugin\App42_Cocos2DX_SDK-master\V_1.2.1\App42_Cocos2dX_2.2.2_SDK\GameService" /I"C:\Users\banhtieu\Desktop\trunk\samples\Cpp\Game\proj.win32\..\..\..\..\plugin\App42_Cocos2DX_SDK-master\V_1.2.1\App42_Cocos2dX_2.2.2_SDK\Crypto" /I"C:\Users\banhtieu\Desktop\trunk\samples\Cpp\Game\proj.win32\..\..\..\..\plugin\App42_Cocos2DX_SDK-master\V_1.2.1\App42_Cocos2dX_2.2.2_SDK\Common\Exception" /I"C:\Users\banhtieu\Desktop\trunk\samples\Cpp\Game\proj.win32\..\..\..\..\plugin\App42_Cocos2DX_SDK-master\V_1.2.1\App42_Cocos2dX_2.2.2_SDK\Common" /I.. /ZI /nologo /W3 /WX- /Od /Oy- /D WIN32 /D _DEBUG /D _WINDOWS /D _USE_MATH_DEFINES /D GL_GLEXT_PROTOTYPES /D CC_ENABLE_CHIPMUNK_INTEGRATION=1 /D COCOS2D_DEBUG=1 /D _CRT_SECURE_NO_WARNINGS /D _SCL_SECURE_NO_WARNINGS /D _UNICODE /D UNICODE /Gm /EHsc /RTC1 /MDd /GS /fp:precise /Zc:wchar_t /Zc:forScope /Fo"Debug.win32\\" /Fd"Debug.win32\vc120.pdb" /Gd /TP /wd4267 /wd4251 /wd4244 /analyze- /errorReport:prompt ..\Classes\AppDelegate.cpp ..\Classes\LogoScene.cpp ..\Classes\SocialManager.cpp
  SocialManager.cpp
c:\users\banhtieu\desktop\trunk\samples\cpp\game\classes\socialmanager.cpp(180): warning C4068: unknown pragma
c:\users\banhtieu\desktop\trunk\samples\cpp\game\classes\socialmanager.cpp(181): warning C4068: unknown pragma
c:\users\banhtieu\desktop\trunk\samples\cpp\game\classes\socialmanager.cpp(182): warning C4068: unknown pragma
  LogoScene.cpp
  AppDelegate.cpp
  Generating Code...
Link:
  C:\Program Files\Microsoft Visual Studio 12.0\VC\bin\link.exe /ERRORREPORT:PROMPT /OUT:"C:\Users\banhtieu\Desktop\trunk\Debug.win32\Game.exe" /INCREMENTAL /NOLOGO /LIBPATH:C:\Users\banhtieu\Desktop\trunk\Debug.win32\ libExtensions.lib libcocos2d.lib libCocosDenshion.lib opengl32.lib glew32.lib libBox2d.lib libchipmunk.lib libcurl_imp.lib pthreadVCE2.lib websockets.lib kernel32.lib user32.lib gdi32.lib winspool.lib comdlg32.lib advapi32.lib shell32.lib ole32.lib oleaut32.lib uuid.lib odbc32.lib odbccp32.lib /MANIFEST /MANIFESTUAC:"level='asInvoker' uiAccess='false'" /manifest:embed /DEBUG /PDB:"C:\Users\banhtieu\Desktop\trunk\Debug.win32\Game.pdb" /SUBSYSTEM:WINDOWS /TLBID:1 /DYNAMICBASE /NXCOMPAT /IMPLIB:"C:\Users\banhtieu\Desktop\trunk\Debug.win32\Game.lib" /MACHINE:X86 /SAFESEH Debug.win32\cJSON.obj
  Debug.win32\App42API.obj
  Debug.win32\App42Response.obj
  Debug.win32\App42Service.obj
  Debug.win32\App42Exception.obj
  Debug.win32\JSONDocument.obj
  Debug.win32\MetaResponse.obj
  Debug.win32\Utilities.obj
  Debug.win32\app42base64.obj
  Debug.win32\HMAC_SHA1.obj
  Debug.win32\SHA1.obj
  Debug.win32\urlencode.obj
  Debug.win32\App42GameResponse.obj
  Debug.win32\App42RewardResponse.obj
  Debug.win32\App42Score.obj
  Debug.win32\GameService.obj
  Debug.win32\RewardService.obj
  Debug.win32\ScoreBoardService.obj
  Debug.win32\ScoreService.obj
  Debug.win32\App42PushNotificationResponse.obj
  Debug.win32\PushNotificationService.obj
  Debug.win32\App42StorageResponse.obj
  Debug.win32\Query.obj
  Debug.win32\QueryBuilder.obj
  Debug.win32\StorageService.obj
  Debug.win32\App42UserResponse.obj
  Debug.win32\UserService.obj
  Debug.win32\AppDelegate.obj
  Debug.win32\Character.obj
  Debug.win32\CommonObject.obj
  Debug.win32\Config.obj
  Debug.win32\EndGameScene.obj
  Debug.win32\Game.obj
  Debug.win32\InGameScene.obj
  Debug.win32\LogoScene.obj
  Debug.win32\MainMenuScene.obj
  Debug.win32\SocialManager.obj
  Debug.win32\main.obj
  Game.vcxproj -> C:\Users\banhtieu\Desktop\trunk\Debug.win32\Game.exe
Done Building Project "C:\Users\banhtieu\Desktop\trunk\samples\Cpp\Game\proj.win32\Game.vcxproj" (Build target(s)).

Build succeeded.

Time Elapsed 00:00:12.39
